$ next build
warn  - You have enabled experimental feature (appDir) in next.config.js.
warn  - Experimental features are not covered by semver, and may cause unexpected or broken application behavior. Use at your own risk.
info  - Thank you for testing `appDir` please leave your feedback at https://nextjs.link/app-feedback

info  - Creating an optimized production build...
info  - Compiled successfully
info  - Linting and checking validity of types...
info  - Collecting page data...
info  - Generating static pages (0/3)
info  - Generating static pages (3/3)
info  - Finalizing page optimization...

Route (app)                                Size     First Load JS
─ ○ /                                      0 B                0 B
+ First Load JS shared by all              68.7 kB
  ├ chunks/50-9c0266b7b334d739.js          66.4 kB
  ├ chunks/main-app-3554fade52fb1f3e.js    253 B
  └ chunks/webpack-8074fabf81ca3fbd.js     2.1 kB

Route (pages)                              Size     First Load JS
─ ○ /404                                   210 B          86.6 kB
+ First Load JS shared by all              86.4 kB
  ├ chunks/main-28832fd8ed78aada.js        84 kB
  ├ chunks/pages/_app-0273e70f0ecc9a01.js  240 B
  └ chunks/webpack-8074fabf81ca3fbd.js     2.1 kB

○  (Static)  automatically rendered as static HTML (uses no initial props)

